[17:02:44] [main/INFO] (FabricLoader/GameProvider) Loading Minecraft 1.20.1 with Fabric Loader 0.15.5
[17:02:44] [main/INFO] (FabricLoader) Loading 58 mods:
	- dungeons-and-minecraft 0.1-1.20.1
	- fabric-api 0.91.0+1.20.1
	- fabric-api-base 0.4.30+7abfd51577
	- fabric-api-lookup-api-v1 1.6.35+4d8536c977
	- fabric-biome-api-v1 13.0.12+215bbe9677
	- fabric-block-api-v1 1.0.10+92a0d36777
	- fabric-block-view-api-v2 1.0.0+92a0d36777
	- fabric-blockrenderlayer-v1 1.1.40+b3afc78b77
	- fabric-client-tags-api-v1 1.1.1+97bb207577
	- fabric-command-api-v1 1.2.33+f71b366f77
	- fabric-command-api-v2 2.2.12+b3afc78b77
	- fabric-commands-v0 0.2.50+df3654b377
	- fabric-containers-v0 0.1.63+df3654b377
	- fabric-content-registries-v0 4.0.10+57aed33f77
	- fabric-convention-tags-v1 1.5.4+a1a980da77
	- fabric-crash-report-info-v1 0.2.18+aeb40ebe77
	- fabric-data-generation-api-v1 12.3.3+d7b148e077
	- fabric-dimensions-v1 2.1.53+8536527b77
	- fabric-entity-events-v1 1.5.22+b3afc78b77
	- fabric-events-interaction-v0 0.6.1+e91849a877
	- fabric-events-lifecycle-v0 0.2.62+df3654b377
	- fabric-game-rule-api-v1 1.0.39+ae9f657a77
	- fabric-gametest-api-v1 1.2.12+b3afc78b77
	- fabric-item-api-v1 2.1.27+b3afc78b77
	- fabric-item-group-api-v1 4.0.11+d7b148e077
	- fabric-key-binding-api-v1 1.0.36+fb8d95da77
	- fabric-keybindings-v0 0.2.34+df3654b377
	- fabric-lifecycle-events-v1 2.2.21+b3afc78b77
	- fabric-loot-api-v2 1.2.0+96dfa95977
	- fabric-loot-tables-v1 1.1.44+9e7660c677
	- fabric-message-api-v1 5.1.8+d7b148e077
	- fabric-mining-level-api-v1 2.1.49+b3afc78b77
	- fabric-model-loading-api-v1 1.0.2+709a987177
	- fabric-models-v0 0.4.1+9386d8a777
	- fabric-networking-api-v1 1.3.10+eeb8eb3677
	- fabric-networking-v0 0.3.50+df3654b377
	- fabric-object-builder-api-v1 11.1.2+4ee0bc6077
	- fabric-particles-v1 1.1.1+201a23a077
	- fabric-recipe-api-v1 1.0.20+b3afc78b77
	- fabric-registry-sync-v0 2.3.2+4df89eb277
	- fabric-renderer-api-v1 3.2.0+39a511ba77
	- fabric-renderer-indigo 1.5.0+39a511ba77
	- fabric-renderer-registries-v1 3.2.45+df3654b377
	- fabric-rendering-data-attachment-v1 0.3.36+92a0d36777
	- fabric-rendering-fluids-v1 3.0.27+b3afc78b77
	- fabric-rendering-v0 1.1.48+df3654b377
	- fabric-rendering-v1 3.0.7+b3afc78b77
	- fabric-resource-conditions-api-v1 2.3.7+29de845d77
	- fabric-resource-loader-v0 0.11.9+132c48c177
	- fabric-screen-api-v1 2.0.7+b3afc78b77
	- fabric-screen-handler-api-v1 1.3.29+b3afc78b77
	- fabric-sound-api-v1 1.0.12+b3afc78b77
	- fabric-transfer-api-v1 3.3.3+c81d263177
	- fabric-transitive-access-wideners-v1 4.3.0+6c31357e77
	- fabricloader 0.15.5
	- java 17
	- minecraft 1.20.1
	- mixinextras 0.3.2
[17:02:44] [main/INFO] (FabricLoader/Mixin) SpongePowered MIXIN Subsystem Version=0.8.5 Source=file:/Users/hannah/.gradle/caches/modules-2/files-2.1/net.fabricmc/sponge-mixin/0.12.5+mixin.0.8.5/8d31fb97c3e0cd7c8dad3441851c523bcfae6d8e/sponge-mixin-0.12.5+mixin.0.8.5.jar Service=Knot/Fabric Env=CLIENT
[17:02:44] [main/INFO] (FabricLoader/Mixin) Loaded Fabric development mappings for mixin remapper!
[17:02:44] [main/INFO] (FabricLoader/Mixin) Compatibility level set to JAVA_16
[17:02:44] [main/INFO] (FabricLoader/Mixin) Compatibility level set to JAVA_17
[17:02:45] [main/INFO] (FabricLoader/MixinExtras|Service) Initializing MixinExtras via com.llamalad7.mixinextras.service.MixinExtrasServiceImpl(version=0.3.2).
[17:02:48] [Datafixer Bootstrap/INFO] (Minecraft) 188 Datafixer optimizations took 98 milliseconds
[17:02:50] [Render thread/INFO] (Minecraft) Environment: authHost='https://authserver.mojang.com', accountsHost='https://api.mojang.com', sessionHost='https://sessionserver.mojang.com', servicesHost='https://api.minecraftservices.com', name='PROD'
[17:02:50] [Render thread/ERROR] (Minecraft) Failed to verify authentication
com.mojang.authlib.exceptions.InvalidCredentialsException: Status: 401
	at com.mojang.authlib.exceptions.MinecraftClientHttpException.toAuthenticationException(MinecraftClientHttpException.java:56) ~[authlib-4.0.43.jar:?]
	at com.mojang.authlib.yggdrasil.YggdrasilUserApiService.fetchProperties(YggdrasilUserApiService.java:156) ~[authlib-4.0.43.jar:?]
	at com.mojang.authlib.yggdrasil.YggdrasilUserApiService.<init>(YggdrasilUserApiService.java:55) ~[authlib-4.0.43.jar:?]
	at com.mojang.authlib.yggdrasil.YggdrasilAuthenticationService.createUserApiService(YggdrasilAuthenticationService.java:124) ~[authlib-4.0.43.jar:?]
	at net.minecraft.client.MinecraftClient.createUserApiService(MinecraftClient.java:733) ~[minecraft-merged-51c0cfe141-1.20.1-net.fabricmc.yarn.1_20_1.1.20.1+build.10-v2.jar:?]
	at net.minecraft.client.MinecraftClient.<init>(MinecraftClient.java:442) ~[minecraft-merged-51c0cfe141-1.20.1-net.fabricmc.yarn.1_20_1.1.20.1+build.10-v2.jar:?]
	at net.minecraft.client.main.Main.main(Main.java:211) ~[minecraft-merged-51c0cfe141-1.20.1-net.fabricmc.yarn.1_20_1.1.20.1+build.10-v2.jar:?]
	at net.fabricmc.loader.impl.game.minecraft.MinecraftGameProvider.launch(MinecraftGameProvider.java:470) ~[fabric-loader-0.15.5.jar:?]
	at net.fabricmc.loader.impl.launch.knot.Knot.launch(Knot.java:74) ~[fabric-loader-0.15.5.jar:?]
	at net.fabricmc.loader.impl.launch.knot.KnotClient.main(KnotClient.java:23) ~[fabric-loader-0.15.5.jar:?]
	at net.fabricmc.devlaunchinjector.Main.main(Main.java:86) ~[dev-launch-injector-0.2.1+build.8.jar:?]
Caused by: com.mojang.authlib.exceptions.MinecraftClientHttpException: Status: 401
	at com.mojang.authlib.minecraft.client.MinecraftClient.readInputStream(MinecraftClient.java:85) ~[authlib-4.0.43.jar:?]
	at com.mojang.authlib.minecraft.client.MinecraftClient.get(MinecraftClient.java:48) ~[authlib-4.0.43.jar:?]
	at com.mojang.authlib.yggdrasil.YggdrasilUserApiService.fetchProperties(YggdrasilUserApiService.java:129) ~[authlib-4.0.43.jar:?]
	... 9 more
[17:02:50] [Render thread/INFO] (Minecraft) Setting user: Player802
[17:02:50] [Render thread/INFO] (dungeons_and_minecraft) Registring of Items Started for: dungeons_and_minecraft
[17:02:50] [Render thread/INFO] (dungeons_and_minecraft) hi mum, i made a fabric mod :3
[17:02:50] [Render thread/INFO] (Indigo) [Indigo] Registering Indigo renderer!
[17:02:50] [Render thread/INFO] (Minecraft) Backend library: LWJGL version 3.3.1 SNAPSHOT
[17:02:52] [Render thread/INFO] (Minecraft) Reloading ResourceManager: vanilla, fabric (fabric-message-api-v1, fabric-blockrenderlayer-v1, fabric-particles-v1, fabric-item-api-v1, fabric-transitive-access-wideners-v1, fabric-client-tags-api-v1, fabric-sound-api-v1, fabric-dimensions-v1, fabric-item-group-api-v1, fabric-key-binding-api-v1, fabric-api-lookup-api-v1, fabric-resource-loader-v0, fabric-screen-api-v1, fabric-transfer-api-v1, fabric-events-lifecycle-v0, dungeons-and-minecraft, fabric-containers-v0, fabric-recipe-api-v1, fabric-renderer-registries-v1, fabric-block-view-api-v2, fabric-gametest-api-v1, fabric-rendering-v0, fabricloader, fabric-block-api-v1, fabric-networking-api-v1, fabric-renderer-indigo, fabric-registry-sync-v0, fabric-networking-v0, fabric-loot-api-v2, fabric-rendering-fluids-v1, fabric-data-generation-api-v1, fabric-models-v0, fabric-rendering-v1, fabric-screen-handler-api-v1, fabric-model-loading-api-v1, fabric-convention-tags-v1, fabric-crash-report-info-v1, fabric-content-registries-v0, fabric-mining-level-api-v1, fabric-command-api-v2, fabric-entity-events-v1, fabric-game-rule-api-v1, fabric-api-base, fabric-object-builder-api-v1, fabric-renderer-api-v1, fabric-events-interaction-v0, fabric-lifecycle-events-v1, fabric-biome-api-v1, fabric-api, fabric-keybindings-v0, fabric-rendering-data-attachment-v1, fabric-commands-v0, fabric-resource-conditions-api-v1, fabric-loot-tables-v1, fabric-command-api-v1)
[17:02:52] [Worker-Main-5/INFO] (Minecraft) Found unifont_all_no_pua-15.0.06.hex, loading
[17:02:53] [Render thread/WARN] (Minecraft) Missing sound for event: minecraft:item.goat_horn.play
[17:02:53] [Render thread/WARN] (Minecraft) Missing sound for event: minecraft:entity.goat.screaming.horn_break
[17:02:53] [Render thread/INFO] (Minecraft) OpenAL initialized on device CoreAudio Default
[17:02:53] [Render thread/INFO] (Minecraft) Sound engine started
[17:02:53] [Render thread/INFO] (Minecraft) Created: 4096x2048x4 minecraft:textures/atlas/blocks.png-atlas
[17:02:53] [Render thread/INFO] (Minecraft) Created: 256x256x4 minecraft:textures/atlas/signs.png-atlas
[17:02:53] [Render thread/INFO] (Minecraft) Created: 512x512x4 minecraft:textures/atlas/banner_patterns.png-atlas
[17:02:53] [Render thread/INFO] (Minecraft) Created: 512x512x4 minecraft:textures/atlas/shield_patterns.png-atlas
[17:02:53] [Render thread/INFO] (Minecraft) Created: 1024x1024x4 minecraft:textures/atlas/armor_trims.png-atlas
[17:02:53] [Render thread/INFO] (Minecraft) Created: 128x64x4 minecraft:textures/atlas/decorated_pot.png-atlas
[17:02:53] [Render thread/INFO] (Minecraft) Created: 256x256x4 minecraft:textures/atlas/chest.png-atlas
[17:02:53] [Render thread/INFO] (Minecraft) Created: 512x256x4 minecraft:textures/atlas/beds.png-atlas
[17:02:53] [Render thread/INFO] (Minecraft) Created: 512x256x4 minecraft:textures/atlas/shulker_boxes.png-atlas
[17:02:54] [Render thread/WARN] (Minecraft) Shader rendertype_entity_translucent_emissive could not find sampler named Sampler2 in the specified shader program.
[17:02:54] [Render thread/INFO] (Minecraft) Created: 256x256x0 minecraft:textures/atlas/particles.png-atlas
[17:02:54] [Render thread/INFO] (Minecraft) Created: 256x256x0 minecraft:textures/atlas/paintings.png-atlas
[17:02:54] [Render thread/INFO] (Minecraft) Created: 128x128x0 minecraft:textures/atlas/mob_effects.png-atlas
[17:02:54] [Realms Notification Availability checker #1/INFO] (Minecraft) Could not authorize you against Realms server: Invalid session id
[17:03:17] [Render thread/INFO] (Minecraft) Loaded 7 recipes
[17:03:17] [Render thread/INFO] (Minecraft) Loaded 1271 advancements
[17:03:17] [Render thread/INFO] (BiomeModificationImpl) Applied 0 biome modifications to 0 of 64 new biomes in 802.0 μs
[17:03:17] [Server thread/INFO] (Minecraft) Starting integrated minecraft server version 1.20.1
[17:03:17] [Server thread/INFO] (Minecraft) Generating keypair
[17:03:18] [Server thread/INFO] (Minecraft) Preparing start region for dimension minecraft:overworld
[17:03:20] [Render thread/INFO] (Minecraft) Preparing spawn area: 0%
[17:03:20] [Render thread/INFO] (Minecraft) Preparing spawn area: 0%
[17:03:20] [Render thread/INFO] (Minecraft) Preparing spawn area: 0%
[17:03:20] [Render thread/INFO] (Minecraft) Preparing spawn area: 0%
[17:03:20] [Render thread/INFO] (Minecraft) Preparing spawn area: 0%
[17:03:21] [Render thread/INFO] (Minecraft) Preparing spawn area: 90%
[17:03:21] [Render thread/INFO] (Minecraft) Time elapsed: 2537 ms
[17:03:21] [Server thread/INFO] (Minecraft) Changing view distance to 8, from 10
[17:03:21] [Server thread/INFO] (Minecraft) Changing simulation distance to 8, from 0
[17:03:21] [Server thread/INFO] (Minecraft) Player802[local:E:6c1977b8] logged in with entity id 138 at (-10.694641595878185, 126.70288313470131, -10.819169465232463)
[17:03:22] [Server thread/INFO] (Minecraft) Player802 joined the game
[17:03:22] [Render thread/INFO] (Minecraft) Loaded 2 advancements
[17:03:26] [Render thread/INFO] (Minecraft) [System] [CHAT] Unknown game mode: c
[17:03:26] [Render thread/INFO] (Minecraft) [System] [CHAT] gamemode c<--[HERE]
[17:03:27] [Render thread/INFO] (Minecraft) [System] [CHAT] Unknown game mode: c
[17:03:27] [Render thread/INFO] (Minecraft) [System] [CHAT] gamemode c<--[HERE]
[17:03:28] [Server thread/INFO] (Minecraft) [Player802: Set own game mode to Creative Mode]
[17:03:28] [Render thread/INFO] (Minecraft) [System] [CHAT] Set own game mode to Creative Mode
[17:03:30] [Server thread/INFO] (Minecraft) Player802 was killed
[17:03:30] [Server thread/INFO] (Minecraft) [Player802: Killed Player802]
[17:03:30] [Render thread/INFO] (Minecraft) [System] [CHAT] Player802 was killed
[17:03:30] [Render thread/INFO] (Minecraft) [System] [CHAT] Killed Player802
[17:03:34] [Server thread/INFO] (Minecraft) [Player802: Set the time to 1000]
[17:03:34] [Render thread/INFO] (Minecraft) [System] [CHAT] Set the time to 1000
[17:03:43] [Server thread/INFO] (Minecraft) [Player802: Summoned new Cow]
[17:03:43] [Render thread/INFO] (Minecraft) [System] [CHAT] Summoned new Cow
[17:03:44] [Server thread/INFO] (dungeons_and_minecraft) damage: 1.0
[17:03:54] [Server thread/INFO] (Minecraft) Player802 has made the advancement [Isn't It Iron Pick]
[17:03:54] [Render thread/INFO] (Minecraft) [System] [CHAT] Player802 has made the advancement [Isn't It Iron Pick]
[17:03:54] [Render thread/INFO] (Minecraft) Loaded 12 advancements
[17:03:56] [Server thread/INFO] (dungeons_and_minecraft) damage: 4.0
[17:04:01] [Render thread/INFO] (Minecraft) Loaded 14 advancements
[17:04:03] [Server thread/INFO] (dungeons_and_minecraft) damage: 2.0
[17:04:05] [Render thread/INFO] (Minecraft) Stopping!
[17:04:05] [Server thread/INFO] (Minecraft) Player802 lost connection: Disconnected
[17:04:05] [Server thread/INFO] (Minecraft) Player802 left the game
[17:04:05] [Server thread/INFO] (Minecraft) Stopping singleplayer server as player logged out
[17:04:05] [Server thread/INFO] (Minecraft) Stopping server
[17:04:05] [Server thread/INFO] (Minecraft) Saving players
[17:04:05] [Server thread/INFO] (Minecraft) Saving worlds
[17:04:05] [Server thread/INFO] (Minecraft) Saving chunks for level 'ServerLevel[New World]'/minecraft:overworld
[17:04:05] [Server thread/INFO] (Minecraft) Saving chunks for level 'ServerLevel[New World]'/minecraft:the_end
[17:04:05] [Server thread/INFO] (Minecraft) Saving chunks for level 'ServerLevel[New World]'/minecraft:the_nether
[17:04:05] [Server thread/INFO] (Minecraft) ThreadedAnvilChunkStorage (New World): All chunks are saved
[17:04:05] [Server thread/INFO] (Minecraft) ThreadedAnvilChunkStorage (DIM1): All chunks are saved
[17:04:05] [Server thread/INFO] (Minecraft) ThreadedAnvilChunkStorage (DIM-1): All chunks are saved
[17:04:05] [Server thread/INFO] (Minecraft) ThreadedAnvilChunkStorage: All dimensions are saved
